<?xml version="1.0" encoding="UTF-8"?>
<!-- Generated by org.testng.reporters.JUnitReportReporter -->
<testsuite skipped="0" hostname="ubuntu" name="com.accolite.mtb.mtbqa.LoginTest" tests="2" failures="0" timestamp="19 Feb 2018 08:13:21 GMT" time="16.073" errors="0">
  <testcase name="testLoginPage" time="10.143" classname="com.accolite.mtb.mtbqa.LoginTest"/>
  <testcase name="testLoginPage" time="5.930" classname="com.accolite.mtb.mtbqa.LoginTest"/>
</testsuite> <!-- com.accolite.mtb.mtbqa.LoginTest -->
