<?xml version="1.0" encoding="UTF-8"?>
<!-- Generated by org.testng.reporters.JUnitReportReporter -->
<testsuite skipped="0" hostname="ubuntu" name="com.accolite.mtb.mtbqa.LoginTest" tests="2" failures="0" timestamp="16 Feb 2018 08:53:09 GMT" time="15.524" errors="0">
  <testcase name="testLoginPage" time="7.915" classname="com.accolite.mtb.mtbqa.LoginTest"/>
  <testcase name="testLoginPage" time="7.609" classname="com.accolite.mtb.mtbqa.LoginTest"/>
</testsuite> <!-- com.accolite.mtb.mtbqa.LoginTest -->
